<?xml version="1.0" encoding="UTF-8"?>
<testng-results skipped="0" failed="0" ignored="0" total="3" passed="3">
  <reporter-output>
  </reporter-output>
  <suite name="Default suite" duration-ms="51807" started-at="2022-03-13T11:32:46 IST" finished-at="2022-03-13T11:33:38 IST">
    <groups>
      <group name="cucumber">
        <method signature="AbstractTestNGCucumberTests.runScenario(io.cucumber.testng.PickleWrapper,io.cucumber.testng.FeatureWrapper)[pri:0, instance:runner.BrowserCalcRunner@57643e]" name="runScenario" class="io.cucumber.testng.AbstractTestNGCucumberTests"/>
      </group> <!-- cucumber -->
    </groups>
    <test name="Default test" duration-ms="51807" started-at="2022-03-13T11:32:46 IST" finished-at="2022-03-13T11:33:38 IST">
      <class name="runner.BrowserCalcRunner">
        <test-method status="PASS" signature="setUpClass()[pri:0, instance:runner.BrowserCalcRunner@57643e]" name="setUpClass" is-config="true" duration-ms="611" started-at="2022-03-13T11:32:46 IST" finished-at="2022-03-13T11:32:47 IST">
          <reporter-output>
          </reporter-output>
        </test-method> <!-- setUpClass -->
        <test-method status="PASS" signature="runScenario(io.cucumber.testng.PickleWrapper,io.cucumber.testng.FeatureWrapper)[pri:0, instance:runner.BrowserCalcRunner@57643e]" name="runScenario" duration-ms="18333" started-at="2022-03-13T11:32:47 IST" description="Runs Cucumber Scenarios" data-provider="scenarios" finished-at="2022-03-13T11:33:05 IST">
          <params>
            <param index="0">
              <value>
                <![CDATA["TC001_To check successful borrow estimate calculation"]]>
              </value>
            </param>
            <param index="1">
              <value>
                <![CDATA["Optional[Borrow Calculation]"]]>
              </value>
            </param>
          </params>
          <reporter-output>
          </reporter-output>
        </test-method> <!-- runScenario -->
        <test-method status="PASS" signature="runScenario(io.cucumber.testng.PickleWrapper,io.cucumber.testng.FeatureWrapper)[pri:0, instance:runner.BrowserCalcRunner@57643e]" name="runScenario" duration-ms="17314" started-at="2022-03-13T11:33:05 IST" description="Runs Cucumber Scenarios" data-provider="scenarios" finished-at="2022-03-13T11:33:23 IST">
          <params>
            <param index="0">
              <value>
                <![CDATA["TC002_To Check if all the fields get cleared on clicking the StartOver button"]]>
              </value>
            </param>
            <param index="1">
              <value>
                <![CDATA["Optional[Borrow Calculation]"]]>
              </value>
            </param>
          </params>
          <reporter-output>
          </reporter-output>
        </test-method> <!-- runScenario -->
        <test-method status="PASS" signature="runScenario(io.cucumber.testng.PickleWrapper,io.cucumber.testng.FeatureWrapper)[pri:0, instance:runner.BrowserCalcRunner@57643e]" name="runScenario" duration-ms="15442" started-at="2022-03-13T11:33:23 IST" description="Runs Cucumber Scenarios" data-provider="scenarios" finished-at="2022-03-13T11:33:38 IST">
          <params>
            <param index="0">
              <value>
                <![CDATA["TC003_To Check if all the fields get cleared on clicking the StartOver button"]]>
              </value>
            </param>
            <param index="1">
              <value>
                <![CDATA["Optional[Borrow Calculation]"]]>
              </value>
            </param>
          </params>
          <reporter-output>
          </reporter-output>
        </test-method> <!-- runScenario -->
        <test-method status="PASS" signature="tearDownClass()[pri:0, instance:runner.BrowserCalcRunner@57643e]" name="tearDownClass" is-config="true" duration-ms="46" started-at="2022-03-13T11:33:38 IST" finished-at="2022-03-13T11:33:38 IST">
          <reporter-output>
          </reporter-output>
        </test-method> <!-- tearDownClass -->
      </class> <!-- runner.BrowserCalcRunner -->
    </test> <!-- Default test -->
  </suite> <!-- Default suite -->
</testng-results>
